<?xml version="1.0" encoding="UTF-8"?>
<robot generator="Robot 4.1.3 (Python 3.10.2 on win32)" generated="20220217 12:37:10.000" rpa="false" schemaversion="2">
<suite id="s1" name="Suites">
<suite id="s1-s1" name="LoginTest1" source="C:\Users\User\PycharmProjects\PageObjectModel\TestCases\LoginTest1.robot">
<test id="s1-s1-t1" name="LoginTest">
<kw name="Open my browser" library="LoginKeywords">
<arg>${Siteurl}</arg>
<arg>${Browser}</arg>
<kw name="Open Browser" library="SeleniumLibrary">
<arg>${SitURL}</arg>
<arg>${Browser}</arg>
<doc>Opens a new browser instance to the optional ``url``.</doc>
<msg timestamp="20220217 12:37:10.378" level="INFO">Opening browser 'firefox' to base url 'https://www.facebook.com/'.</msg>
<msg timestamp="20220217 12:37:10.379" level="INFO">Firefox driver log is always forced to to: C:\Users\User\PycharmProjects\PageObjectModel\Results\pabot_results\1\geckodriver-1.log</msg>
<status status="PASS" starttime="20220217 12:37:10.377" endtime="20220217 12:37:21.585"/>
</kw>
<kw name="Maximize Browser Window" library="SeleniumLibrary">
<doc>Maximizes current browser window.</doc>
<status status="PASS" starttime="20220217 12:37:21.586" endtime="20220217 12:37:21.601"/>
</kw>
<status status="PASS" starttime="20220217 12:37:10.376" endtime="20220217 12:37:21.601"/>
</kw>
<kw name="Enter UserName" library="LoginKeywords">
<arg>${user}</arg>
<kw name="Input Text" library="SeleniumLibrary">
<arg>${txt_LoginEmail}</arg>
<arg>${username}</arg>
<doc>Types the given ``text`` into the text field identified by ``locator``.</doc>
<msg timestamp="20220217 12:37:21.605" level="INFO">Typing text 'mahbub@gmail.com' into text field 'name:email'.</msg>
<status status="PASS" starttime="20220217 12:37:21.603" endtime="20220217 12:37:21.739"/>
</kw>
<status status="PASS" starttime="20220217 12:37:21.602" endtime="20220217 12:37:21.740"/>
</kw>
<kw name="Enter Password" library="LoginKeywords">
<arg>${pwd}</arg>
<kw name="Input Text" library="SeleniumLibrary">
<arg>${txt_LoginPassword}</arg>
<arg>${password}</arg>
<doc>Types the given ``text`` into the text field identified by ``locator``.</doc>
<msg timestamp="20220217 12:37:21.743" level="INFO">Typing text 'test123' into text field 'name:pass'.</msg>
<status status="PASS" starttime="20220217 12:37:21.742" endtime="20220217 12:37:21.823"/>
</kw>
<status status="PASS" starttime="20220217 12:37:21.740" endtime="20220217 12:37:21.824"/>
</kw>
<kw name="Click Login" library="LoginKeywords">
<kw name="Click Button" library="SeleniumLibrary">
<arg>${btnLogin}</arg>
<doc>Clicks the button identified by ``locator``.</doc>
<msg timestamp="20220217 12:37:21.825" level="INFO">Clicking button 'name=login'.</msg>
<status status="PASS" starttime="20220217 12:37:21.825" endtime="20220217 12:37:27.116"/>
</kw>
<status status="PASS" starttime="20220217 12:37:21.824" endtime="20220217 12:37:27.118"/>
</kw>
<kw name="Sleep" library="BuiltIn">
<arg>5</arg>
<doc>Pauses the test executed for the given time.</doc>
<msg timestamp="20220217 12:37:32.127" level="INFO">Slept 5 seconds</msg>
<status status="PASS" starttime="20220217 12:37:27.119" endtime="20220217 12:37:32.128"/>
</kw>
<kw name="Verify Error message" library="LoginKeywords">
<kw name="Page Should Contain" library="SeleniumLibrary">
<arg>The password you’ve entered is incorrect.</arg>
<doc>Verifies that current page contains ``text``.</doc>
<msg timestamp="20220217 12:37:32.186" level="INFO">Current page contains text 'The password you’ve entered is incorrect.'.</msg>
<status status="PASS" starttime="20220217 12:37:32.132" endtime="20220217 12:37:32.186"/>
</kw>
<status status="PASS" starttime="20220217 12:37:32.129" endtime="20220217 12:37:32.187"/>
</kw>
<kw name="Close All Browsers" library="SeleniumLibrary">
<doc>Closes all open browsers and resets the browser cache.</doc>
<status status="PASS" starttime="20220217 12:37:32.188" endtime="20220217 12:37:33.692"/>
</kw>
<status status="PASS" starttime="20220217 12:37:10.376" endtime="20220217 12:37:33.693"/>
</test>
<status status="PASS" starttime="20220217 12:37:10.043" endtime="20220217 12:37:33.694"/>
</suite>
<status status="PASS" starttime="20220217 12:37:10.015" endtime="20220217 12:37:33.696"/>
</suite>
<statistics>
<total>
<stat pass="1" fail="0" skip="0">All Tests</stat>
</total>
<tag>
</tag>
<suite>
<stat pass="1" fail="0" skip="0" id="s1" name="Suites">Suites</stat>
<stat pass="1" fail="0" skip="0" id="s1-s1" name="LoginTest1">Suites.LoginTest1</stat>
</suite>
</statistics>
<errors>
</errors>
</robot>
