<?xml version="1.0" encoding="UTF-8"?>
<robot generator="Robot 4.1.3 (Python 3.10.2 on win32)" generated="20220316 15:33:18.310" rpa="false" schemaversion="2">
<suite id="s1" name="Suites">
<suite id="s1-s1" name="LoginTest" source="C:\Users\User\PycharmProjects\PageObjectModel\TestCases\LoginTest.robot">
<test id="s1-s1-t1" name="LoginTest">
<kw name="Open my browser" library="LoginKeywords">
<arg>${Siteurl}</arg>
<arg>${Browser}</arg>
<kw name="Open Browser" library="SeleniumLibrary">
<arg>${SitURL}</arg>
<arg>${Browser}</arg>
<doc>Opens a new browser instance to the optional ``url``.</doc>
<msg timestamp="20220316 15:33:18.901" level="INFO">Opening browser 'chrome' to base url 'https://www.facebook.com/'.</msg>
<status status="PASS" starttime="20220316 15:33:18.900" endtime="20220316 15:33:22.431"/>
</kw>
<kw name="Maximize Browser Window" library="SeleniumLibrary">
<doc>Maximizes current browser window.</doc>
<status status="PASS" starttime="20220316 15:33:22.431" endtime="20220316 15:33:22.589"/>
</kw>
<status status="PASS" starttime="20220316 15:33:18.899" endtime="20220316 15:33:22.591"/>
</kw>
<kw name="Enter UserName" library="LoginKeywords">
<arg>${user}</arg>
<kw name="Input Text" library="SeleniumLibrary">
<arg>${txt_LoginEmail}</arg>
<arg>${username}</arg>
<doc>Types the given ``text`` into the text field identified by ``locator``.</doc>
<msg timestamp="20220316 15:33:22.596" level="INFO">Typing text 'mahbub@gmail.com' into text field 'name:email'.</msg>
<status status="PASS" starttime="20220316 15:33:22.594" endtime="20220316 15:33:22.821"/>
</kw>
<status status="PASS" starttime="20220316 15:33:22.592" endtime="20220316 15:33:22.821"/>
</kw>
<kw name="Enter Password" library="LoginKeywords">
<arg>${pwd}</arg>
<kw name="Input Text" library="SeleniumLibrary">
<arg>${txt_LoginPassword}</arg>
<arg>${password}</arg>
<doc>Types the given ``text`` into the text field identified by ``locator``.</doc>
<msg timestamp="20220316 15:33:22.824" level="INFO">Typing text 'test123' into text field 'name:pass'.</msg>
<status status="PASS" starttime="20220316 15:33:22.823" endtime="20220316 15:33:23.019"/>
</kw>
<status status="PASS" starttime="20220316 15:33:22.822" endtime="20220316 15:33:23.019"/>
</kw>
<kw name="Click Login" library="LoginKeywords">
<kw name="Click Button" library="SeleniumLibrary">
<arg>${btnLogin}</arg>
<doc>Clicks the button identified by ``locator``.</doc>
<msg timestamp="20220316 15:33:23.022" level="INFO">Clicking button 'name=login'.</msg>
<status status="PASS" starttime="20220316 15:33:23.021" endtime="20220316 15:33:23.151"/>
</kw>
<status status="PASS" starttime="20220316 15:33:23.020" endtime="20220316 15:33:23.151"/>
</kw>
<kw name="Sleep" library="BuiltIn">
<arg>5</arg>
<doc>Pauses the test executed for the given time.</doc>
<msg timestamp="20220316 15:33:28.162" level="INFO">Slept 5 seconds</msg>
<status status="PASS" starttime="20220316 15:33:23.152" endtime="20220316 15:33:28.163"/>
</kw>
<kw name="Verify Error message" library="LoginKeywords">
<kw name="Page Should Contain" library="SeleniumLibrary">
<arg>The password you’ve entered is incorrect.</arg>
<doc>Verifies that current page contains ``text``.</doc>
<msg timestamp="20220316 15:33:34.566" level="INFO">Current page contains text 'The password you’ve entered is incorrect.'.</msg>
<status status="PASS" starttime="20220316 15:33:28.166" endtime="20220316 15:33:34.566"/>
</kw>
<status status="PASS" starttime="20220316 15:33:28.164" endtime="20220316 15:33:34.567"/>
</kw>
<kw name="Close All Browsers" library="SeleniumLibrary">
<doc>Closes all open browsers and resets the browser cache.</doc>
<status status="PASS" starttime="20220316 15:33:34.567" endtime="20220316 15:33:37.616"/>
</kw>
<status status="PASS" starttime="20220316 15:33:18.898" endtime="20220316 15:33:37.617"/>
</test>
<status status="PASS" starttime="20220316 15:33:18.353" endtime="20220316 15:33:37.619"/>
</suite>
<status status="PASS" starttime="20220316 15:33:18.325" endtime="20220316 15:33:37.623"/>
</suite>
<statistics>
<total>
<stat pass="1" fail="0" skip="0">All Tests</stat>
</total>
<tag>
</tag>
<suite>
<stat pass="1" fail="0" skip="0" id="s1" name="Suites">Suites</stat>
<stat pass="1" fail="0" skip="0" id="s1-s1" name="LoginTest">Suites.LoginTest</stat>
</suite>
</statistics>
<errors>
</errors>
</robot>
