<?xml version="1.0" encoding="UTF-8"?>
<robot generator="Robot 4.1.3 (Python 3.10.2 on win32)" generated="20220316 15:33:18.308" rpa="false" schemaversion="2">
<suite id="s1" name="Suites">
<suite id="s1-s1" name="LoginTest1" source="C:\Users\User\PycharmProjects\PageObjectModel\TestCases\LoginTest1.robot">
<test id="s1-s1-t1" name="LoginTest">
<kw name="Open my browser" library="LoginKeywords">
<arg>${Siteurl}</arg>
<arg>${Browser}</arg>
<kw name="Open Browser" library="SeleniumLibrary">
<arg>${SitURL}</arg>
<arg>${Browser}</arg>
<doc>Opens a new browser instance to the optional ``url``.</doc>
<msg timestamp="20220316 15:33:18.901" level="INFO">Opening browser 'firefox' to base url 'https://www.facebook.com/'.</msg>
<msg timestamp="20220316 15:33:18.903" level="INFO">Firefox driver log is always forced to to: C:\Users\User\PycharmProjects\PageObjectModel\pabot_results\1\geckodriver-1.log</msg>
<status status="PASS" starttime="20220316 15:33:18.900" endtime="20220316 15:33:32.985"/>
</kw>
<kw name="Maximize Browser Window" library="SeleniumLibrary">
<doc>Maximizes current browser window.</doc>
<status status="PASS" starttime="20220316 15:33:32.986" endtime="20220316 15:33:32.993"/>
</kw>
<status status="PASS" starttime="20220316 15:33:18.899" endtime="20220316 15:33:32.993"/>
</kw>
<kw name="Enter UserName" library="LoginKeywords">
<arg>${user}</arg>
<kw name="Input Text" library="SeleniumLibrary">
<arg>${txt_LoginEmail}</arg>
<arg>${username}</arg>
<doc>Types the given ``text`` into the text field identified by ``locator``.</doc>
<msg timestamp="20220316 15:33:32.997" level="INFO">Typing text 'mahbub@gmail.com' into text field 'name:email'.</msg>
<status status="PASS" starttime="20220316 15:33:32.995" endtime="20220316 15:33:33.149"/>
</kw>
<status status="PASS" starttime="20220316 15:33:32.994" endtime="20220316 15:33:33.149"/>
</kw>
<kw name="Enter Password" library="LoginKeywords">
<arg>${pwd}</arg>
<kw name="Input Text" library="SeleniumLibrary">
<arg>${txt_LoginPassword}</arg>
<arg>${password}</arg>
<doc>Types the given ``text`` into the text field identified by ``locator``.</doc>
<msg timestamp="20220316 15:33:33.151" level="INFO">Typing text 'test123' into text field 'name:pass'.</msg>
<status status="PASS" starttime="20220316 15:33:33.150" endtime="20220316 15:33:33.270"/>
</kw>
<status status="PASS" starttime="20220316 15:33:33.150" endtime="20220316 15:33:33.271"/>
</kw>
<kw name="Click Login" library="LoginKeywords">
<kw name="Click Button" library="SeleniumLibrary">
<arg>${btnLogin}</arg>
<doc>Clicks the button identified by ``locator``.</doc>
<msg timestamp="20220316 15:33:33.274" level="INFO">Clicking button 'name=login'.</msg>
<msg timestamp="20220316 15:33:37.432" level="WARN">Keyword 'Capture Page Screenshot' could not be run on failure: Message: Tried to run command without establishing a connection
</msg>
<msg timestamp="20220316 15:33:37.472" level="FAIL">WebDriverException: Message: Failed to decode response from marionette
</msg>
<status status="FAIL" starttime="20220316 15:33:33.272" endtime="20220316 15:33:37.472"/>
</kw>
<status status="FAIL" starttime="20220316 15:33:33.271" endtime="20220316 15:33:37.474"/>
</kw>
<kw name="Sleep" library="BuiltIn">
<arg>5</arg>
<doc>Pauses the test executed for the given time.</doc>
<status status="NOT RUN" starttime="20220316 15:33:37.474" endtime="20220316 15:33:37.475"/>
</kw>
<kw name="Verify Error message" library="LoginKeywords">
<status status="NOT RUN" starttime="20220316 15:33:37.475" endtime="20220316 15:33:37.475"/>
</kw>
<kw name="Close All Browsers" library="SeleniumLibrary">
<doc>Closes all open browsers and resets the browser cache.</doc>
<status status="NOT RUN" starttime="20220316 15:33:37.475" endtime="20220316 15:33:37.476"/>
</kw>
<status status="FAIL" starttime="20220316 15:33:18.898" endtime="20220316 15:33:37.476">WebDriverException: Message: Failed to decode response from marionette
</status>
</test>
<status status="FAIL" starttime="20220316 15:33:18.353" endtime="20220316 15:33:37.478"/>
</suite>
<status status="FAIL" starttime="20220316 15:33:18.325" endtime="20220316 15:33:37.481"/>
</suite>
<statistics>
<total>
<stat pass="0" fail="1" skip="0">All Tests</stat>
</total>
<tag>
</tag>
<suite>
<stat pass="0" fail="1" skip="0" id="s1" name="Suites">Suites</stat>
<stat pass="0" fail="1" skip="0" id="s1-s1" name="LoginTest1">Suites.LoginTest1</stat>
</suite>
</statistics>
<errors>
<msg timestamp="20220316 15:33:37.432" level="WARN">Keyword 'Capture Page Screenshot' could not be run on failure: Message: Tried to run command without establishing a connection
</msg>
</errors>
</robot>
