<?xml version="1.0" encoding="UTF-8"?>
<robot generator="Robot 4.1.3 (Python 3.10.2 on win32)" generated="20220217 12:37:09.999" rpa="false" schemaversion="2">
<suite id="s1" name="Suites">
<suite id="s1-s1" name="LoginTest" source="C:\Users\User\PycharmProjects\PageObjectModel\TestCases\LoginTest.robot">
<test id="s1-s1-t1" name="LoginTest">
<kw name="Open my browser" library="LoginKeywords">
<arg>${Siteurl}</arg>
<arg>${Browser}</arg>
<kw name="Open Browser" library="SeleniumLibrary">
<arg>${SitURL}</arg>
<arg>${Browser}</arg>
<doc>Opens a new browser instance to the optional ``url``.</doc>
<msg timestamp="20220217 12:37:10.377" level="INFO">Opening browser 'chrome' to base url 'https://www.facebook.com/'.</msg>
<status status="PASS" starttime="20220217 12:37:10.376" endtime="20220217 12:37:13.135"/>
</kw>
<kw name="Maximize Browser Window" library="SeleniumLibrary">
<doc>Maximizes current browser window.</doc>
<status status="PASS" starttime="20220217 12:37:13.135" endtime="20220217 12:37:13.275"/>
</kw>
<status status="PASS" starttime="20220217 12:37:10.375" endtime="20220217 12:37:13.277"/>
</kw>
<kw name="Enter UserName" library="LoginKeywords">
<arg>${user}</arg>
<kw name="Input Text" library="SeleniumLibrary">
<arg>${txt_LoginEmail}</arg>
<arg>${username}</arg>
<doc>Types the given ``text`` into the text field identified by ``locator``.</doc>
<msg timestamp="20220217 12:37:13.288" level="INFO">Typing text 'mahbub@gmail.com' into text field 'name:email'.</msg>
<status status="PASS" starttime="20220217 12:37:13.284" endtime="20220217 12:37:13.468"/>
</kw>
<status status="PASS" starttime="20220217 12:37:13.278" endtime="20220217 12:37:13.469"/>
</kw>
<kw name="Enter Password" library="LoginKeywords">
<arg>${pwd}</arg>
<kw name="Input Text" library="SeleniumLibrary">
<arg>${txt_LoginPassword}</arg>
<arg>${password}</arg>
<doc>Types the given ``text`` into the text field identified by ``locator``.</doc>
<msg timestamp="20220217 12:37:13.470" level="INFO">Typing text 'test123' into text field 'name:pass'.</msg>
<status status="PASS" starttime="20220217 12:37:13.469" endtime="20220217 12:37:13.601"/>
</kw>
<status status="PASS" starttime="20220217 12:37:13.469" endtime="20220217 12:37:13.601"/>
</kw>
<kw name="Click Login" library="LoginKeywords">
<kw name="Click Button" library="SeleniumLibrary">
<arg>${btnLogin}</arg>
<doc>Clicks the button identified by ``locator``.</doc>
<msg timestamp="20220217 12:37:13.602" level="INFO">Clicking button 'name=login'.</msg>
<status status="PASS" starttime="20220217 12:37:13.602" endtime="20220217 12:37:13.674"/>
</kw>
<status status="PASS" starttime="20220217 12:37:13.601" endtime="20220217 12:37:13.674"/>
</kw>
<kw name="Sleep" library="BuiltIn">
<arg>5</arg>
<doc>Pauses the test executed for the given time.</doc>
<msg timestamp="20220217 12:37:18.684" level="INFO">Slept 5 seconds</msg>
<status status="PASS" starttime="20220217 12:37:13.675" endtime="20220217 12:37:18.684"/>
</kw>
<kw name="Verify Error message" library="LoginKeywords">
<kw name="Page Should Contain" library="SeleniumLibrary">
<arg>The password you’ve entered is incorrect.</arg>
<doc>Verifies that current page contains ``text``.</doc>
<msg timestamp="20220217 12:37:22.663" level="INFO">Current page contains text 'The password you’ve entered is incorrect.'.</msg>
<status status="PASS" starttime="20220217 12:37:18.685" endtime="20220217 12:37:22.663"/>
</kw>
<status status="PASS" starttime="20220217 12:37:18.685" endtime="20220217 12:37:22.663"/>
</kw>
<kw name="Close All Browsers" library="SeleniumLibrary">
<doc>Closes all open browsers and resets the browser cache.</doc>
<status status="PASS" starttime="20220217 12:37:22.664" endtime="20220217 12:37:24.924"/>
</kw>
<status status="PASS" starttime="20220217 12:37:10.374" endtime="20220217 12:37:24.925"/>
</test>
<status status="PASS" starttime="20220217 12:37:10.043" endtime="20220217 12:37:24.927"/>
</suite>
<status status="PASS" starttime="20220217 12:37:10.015" endtime="20220217 12:37:24.931"/>
</suite>
<statistics>
<total>
<stat pass="1" fail="0" skip="0">All Tests</stat>
</total>
<tag>
</tag>
<suite>
<stat pass="1" fail="0" skip="0" id="s1" name="Suites">Suites</stat>
<stat pass="1" fail="0" skip="0" id="s1-s1" name="LoginTest">Suites.LoginTest</stat>
</suite>
</statistics>
<errors>
</errors>
</robot>
